<?xml version="1.0" encoding="UTF-8"?>
<testsuite xmlns:xsi="http://www.w3.org/2001/XMLSchema-instance" xsi:noNamespaceSchemaLocation="https://maven.apache.org/surefire/maven-surefire-plugin/xsd/surefire-test-report.xsd" version="3.0.2" name="TestSuite" time="13.208" tests="7" errors="0" skipped="0" failures="0">
  <properties>
    <property name="java.specification.version" value="17"/>
    <property name="webdriver.chrome.driver" value="C:\Users\alwan.wirawan-dd\.cache\selenium\chromedriver\win64\130.0.6723.69\chromedriver.exe"/>
    <property name="sun.cpu.isalist" value="amd64"/>
    <property name="sun.jnu.encoding" value="Cp1252"/>
    <property name="java.class.path" value="D:\project\RestAssuredCucumberTest\target\test-classes;D:\project\RestAssuredCucumberTest\target\classes;C:\Users\alwan.wirawan-dd\.m2\repository\junit\junit\4.13.2\junit-4.13.2.jar;C:\Users\alwan.wirawan-dd\.m2\repository\org\hamcrest\hamcrest-core\1.3\hamcrest-core-1.3.jar;C:\Users\alwan.wirawan-dd\.m2\repository\io\rest-assured\rest-assured\5.5.0\rest-assured-5.5.0.jar;C:\Users\alwan.wirawan-dd\.m2\repository\org\apache\groovy\groovy\4.0.22\groovy-4.0.22.jar;C:\Users\alwan.wirawan-dd\.m2\repository\org\apache\groovy\groovy-xml\4.0.22\groovy-xml-4.0.22.jar;C:\Users\alwan.wirawan-dd\.m2\repository\org\apache\httpcomponents\httpclient\4.5.13\httpclient-4.5.13.jar;C:\Users\alwan.wirawan-dd\.m2\repository\org\apache\httpcomponents\httpcore\4.4.13\httpcore-4.4.13.jar;C:\Users\alwan.wirawan-dd\.m2\repository\commons-logging\commons-logging\1.2\commons-logging-1.2.jar;C:\Users\alwan.wirawan-dd\.m2\repository\commons-codec\commons-codec\1.11\commons-codec-1.11.jar;C:\Users\alwan.wirawan-dd\.m2\repository\org\apache\httpcomponents\httpmime\4.5.13\httpmime-4.5.13.jar;C:\Users\alwan.wirawan-dd\.m2\repository\org\hamcrest\hamcrest\2.2\hamcrest-2.2.jar;C:\Users\alwan.wirawan-dd\.m2\repository\org\ccil\cowan\tagsoup\tagsoup\1.2.1\tagsoup-1.2.1.jar;C:\Users\alwan.wirawan-dd\.m2\repository\io\rest-assured\json-path\5.5.0\json-path-5.5.0.jar;C:\Users\alwan.wirawan-dd\.m2\repository\org\apache\groovy\groovy-json\4.0.22\groovy-json-4.0.22.jar;C:\Users\alwan.wirawan-dd\.m2\repository\io\rest-assured\rest-assured-common\5.5.0\rest-assured-common-5.5.0.jar;C:\Users\alwan.wirawan-dd\.m2\repository\io\rest-assured\xml-path\5.5.0\xml-path-5.5.0.jar;C:\Users\alwan.wirawan-dd\.m2\repository\io\cucumber\cucumber-java\7.20.0\cucumber-java-7.20.0.jar;C:\Users\alwan.wirawan-dd\.m2\repository\io\cucumber\cucumber-core\7.20.0\cucumber-core-7.20.0.jar;C:\Users\alwan.wirawan-dd\.m2\repository\io\cucumber\cucumber-gherkin\7.20.0\cucumber-gherkin-7.20.0.jar;C:\Users\alwan.wirawan-dd\.m2\repository\io\cucumber\cucumber-gherkin-messages\7.20.0\cucumber-gherkin-messages-7.20.0.jar;C:\Users\alwan.wirawan-dd\.m2\repository\io\cucumber\gherkin\28.0.0\gherkin-28.0.0.jar;C:\Users\alwan.wirawan-dd\.m2\repository\io\cucumber\messages\24.1.0\messages-24.1.0.jar;C:\Users\alwan.wirawan-dd\.m2\repository\io\cucumber\testng-xml-formatter\0.2.0\testng-xml-formatter-0.2.0.jar;C:\Users\alwan.wirawan-dd\.m2\repository\io\cucumber\query\12.2.0\query-12.2.0.jar;C:\Users\alwan.wirawan-dd\.m2\repository\io\cucumber\tag-expressions\6.1.0\tag-expressions-6.1.0.jar;C:\Users\alwan.wirawan-dd\.m2\repository\io\cucumber\cucumber-expressions\17.1.0\cucumber-expressions-17.1.0.jar;C:\Users\alwan.wirawan-dd\.m2\repository\io\cucumber\datatable\7.20.0\datatable-7.20.0.jar;C:\Users\alwan.wirawan-dd\.m2\repository\io\cucumber\cucumber-plugin\7.20.0\cucumber-plugin-7.20.0.jar;C:\Users\alwan.wirawan-dd\.m2\repository\io\cucumber\docstring\7.20.0\docstring-7.20.0.jar;C:\Users\alwan.wirawan-dd\.m2\repository\io\cucumber\html-formatter\21.7.0\html-formatter-21.7.0.jar;C:\Users\alwan.wirawan-dd\.m2\repository\io\cucumber\junit-xml-formatter\0.5.0\junit-xml-formatter-0.5.0.jar;C:\Users\alwan.wirawan-dd\.m2\repository\io\cucumber\ci-environment\10.0.1\ci-environment-10.0.1.jar;C:\Users\alwan.wirawan-dd\.m2\repository\org\apiguardian\apiguardian-api\1.1.2\apiguardian-api-1.1.2.jar;C:\Users\alwan.wirawan-dd\.m2\repository\io\cucumber\cucumber-junit\7.20.0\cucumber-junit-7.20.0.jar;C:\Users\alwan.wirawan-dd\.m2\repository\org\seleniumhq\selenium\selenium-java\4.25.0\selenium-java-4.25.0.jar;C:\Users\alwan.wirawan-dd\.m2\repository\org\seleniumhq\selenium\selenium-api\4.25.0\selenium-api-4.25.0.jar;C:\Users\alwan.wirawan-dd\.m2\repository\org\jspecify\jspecify\1.0.0\jspecify-1.0.0.jar;C:\Users\alwan.wirawan-dd\.m2\repository\org\seleniumhq\selenium\selenium-chrome-driver\4.25.0\selenium-chrome-driver-4.25.0.jar;C:\Users\alwan.wirawan-dd\.m2\repository\com\google\auto\service\auto-service-annotations\1.1.1\auto-service-annotations-1.1.1.jar;C:\Users\alwan.wirawan-dd\.m2\repository\org\seleniumhq\selenium\selenium-chromium-driver\4.25.0\selenium-chromium-driver-4.25.0.jar;C:\Users\alwan.wirawan-dd\.m2\repository\org\seleniumhq\selenium\selenium-json\4.25.0\selenium-json-4.25.0.jar;C:\Users\alwan.wirawan-dd\.m2\repository\org\seleniumhq\selenium\selenium-manager\4.25.0\selenium-manager-4.25.0.jar;C:\Users\alwan.wirawan-dd\.m2\repository\org\seleniumhq\selenium\selenium-devtools-v127\4.25.0\selenium-devtools-v127-4.25.0.jar;C:\Users\alwan.wirawan-dd\.m2\repository\org\seleniumhq\selenium\selenium-devtools-v128\4.25.0\selenium-devtools-v128-4.25.0.jar;C:\Users\alwan.wirawan-dd\.m2\repository\org\seleniumhq\selenium\selenium-devtools-v129\4.25.0\selenium-devtools-v129-4.25.0.jar;C:\Users\alwan.wirawan-dd\.m2\repository\org\seleniumhq\selenium\selenium-devtools-v85\4.25.0\selenium-devtools-v85-4.25.0.jar;C:\Users\alwan.wirawan-dd\.m2\repository\org\seleniumhq\selenium\selenium-edge-driver\4.25.0\selenium-edge-driver-4.25.0.jar;C:\Users\alwan.wirawan-dd\.m2\repository\org\seleniumhq\selenium\selenium-firefox-driver\4.25.0\selenium-firefox-driver-4.25.0.jar;C:\Users\alwan.wirawan-dd\.m2\repository\org\seleniumhq\selenium\selenium-http\4.25.0\selenium-http-4.25.0.jar;C:\Users\alwan.wirawan-dd\.m2\repository\dev\failsafe\failsafe\3.3.2\failsafe-3.3.2.jar;C:\Users\alwan.wirawan-dd\.m2\repository\org\seleniumhq\selenium\selenium-ie-driver\4.25.0\selenium-ie-driver-4.25.0.jar;C:\Users\alwan.wirawan-dd\.m2\repository\org\seleniumhq\selenium\selenium-remote-driver\4.25.0\selenium-remote-driver-4.25.0.jar;C:\Users\alwan.wirawan-dd\.m2\repository\com\google\guava\guava\33.3.0-jre\guava-33.3.0-jre.jar;C:\Users\alwan.wirawan-dd\.m2\repository\com\google\guava\failureaccess\1.0.2\failureaccess-1.0.2.jar;C:\Users\alwan.wirawan-dd\.m2\repository\com\google\guava\listenablefuture\9999.0-empty-to-avoid-conflict-with-guava\listenablefuture-9999.0-empty-to-avoid-conflict-with-guava.jar;C:\Users\alwan.wirawan-dd\.m2\repository\com\google\code\findbugs\jsr305\3.0.2\jsr305-3.0.2.jar;C:\Users\alwan.wirawan-dd\.m2\repository\org\checkerframework\checker-qual\3.43.0\checker-qual-3.43.0.jar;C:\Users\alwan.wirawan-dd\.m2\repository\com\google\j2objc\j2objc-annotations\3.0.0\j2objc-annotations-3.0.0.jar;C:\Users\alwan.wirawan-dd\.m2\repository\io\opentelemetry\semconv\opentelemetry-semconv\1.25.0-alpha\opentelemetry-semconv-1.25.0-alpha.jar;C:\Users\alwan.wirawan-dd\.m2\repository\io\opentelemetry\opentelemetry-api\1.42.1\opentelemetry-api-1.42.1.jar;C:\Users\alwan.wirawan-dd\.m2\repository\io\opentelemetry\opentelemetry-context\1.42.1\opentelemetry-context-1.42.1.jar;C:\Users\alwan.wirawan-dd\.m2\repository\io\opentelemetry\opentelemetry-exporter-logging\1.42.1\opentelemetry-exporter-logging-1.42.1.jar;C:\Users\alwan.wirawan-dd\.m2\repository\io\opentelemetry\opentelemetry-sdk-common\1.42.1\opentelemetry-sdk-common-1.42.1.jar;C:\Users\alwan.wirawan-dd\.m2\repository\io\opentelemetry\opentelemetry-sdk-extension-autoconfigure-spi\1.42.1\opentelemetry-sdk-extension-autoconfigure-spi-1.42.1.jar;C:\Users\alwan.wirawan-dd\.m2\repository\io\opentelemetry\opentelemetry-sdk-extension-autoconfigure\1.42.1\opentelemetry-sdk-extension-autoconfigure-1.42.1.jar;C:\Users\alwan.wirawan-dd\.m2\repository\io\opentelemetry\opentelemetry-api-incubator\1.42.1-alpha\opentelemetry-api-incubator-1.42.1-alpha.jar;C:\Users\alwan.wirawan-dd\.m2\repository\io\opentelemetry\opentelemetry-sdk-trace\1.42.1\opentelemetry-sdk-trace-1.42.1.jar;C:\Users\alwan.wirawan-dd\.m2\repository\io\opentelemetry\opentelemetry-sdk\1.42.1\opentelemetry-sdk-1.42.1.jar;C:\Users\alwan.wirawan-dd\.m2\repository\io\opentelemetry\opentelemetry-sdk-metrics\1.42.1\opentelemetry-sdk-metrics-1.42.1.jar;C:\Users\alwan.wirawan-dd\.m2\repository\io\opentelemetry\opentelemetry-sdk-logs\1.42.1\opentelemetry-sdk-logs-1.42.1.jar;C:\Users\alwan.wirawan-dd\.m2\repository\net\bytebuddy\byte-buddy\1.15.1\byte-buddy-1.15.1.jar;C:\Users\alwan.wirawan-dd\.m2\repository\org\seleniumhq\selenium\selenium-os\4.25.0\selenium-os-4.25.0.jar;C:\Users\alwan.wirawan-dd\.m2\repository\org\apache\commons\commons-exec\1.4.0\commons-exec-1.4.0.jar;C:\Users\alwan.wirawan-dd\.m2\repository\org\seleniumhq\selenium\selenium-safari-driver\4.25.0\selenium-safari-driver-4.25.0.jar;C:\Users\alwan.wirawan-dd\.m2\repository\org\seleniumhq\selenium\selenium-support\4.25.0\selenium-support-4.25.0.jar;C:\Users\alwan.wirawan-dd\.m2\repository\org\testng\testng\7.10.2\testng-7.10.2.jar;C:\Users\alwan.wirawan-dd\.m2\repository\org\slf4j\slf4j-api\1.7.36\slf4j-api-1.7.36.jar;C:\Users\alwan.wirawan-dd\.m2\repository\com\beust\jcommander\1.82\jcommander-1.82.jar;C:\Users\alwan.wirawan-dd\.m2\repository\org\webjars\jquery\3.7.1\jquery-3.7.1.jar;C:\Users\alwan.wirawan-dd\.m2\repository\io\cucumber\cucumber-testng\7.20.0\cucumber-testng-7.20.0.jar;C:\Users\alwan.wirawan-dd\.m2\repository\io\github\bonigarcia\webdrivermanager\5.9.2\webdrivermanager-5.9.2.jar;C:\Users\alwan.wirawan-dd\.m2\repository\com\google\code\gson\gson\2.11.0\gson-2.11.0.jar;C:\Users\alwan.wirawan-dd\.m2\repository\com\google\errorprone\error_prone_annotations\2.27.0\error_prone_annotations-2.27.0.jar;C:\Users\alwan.wirawan-dd\.m2\repository\com\github\docker-java\docker-java\3.4.0\docker-java-3.4.0.jar;C:\Users\alwan.wirawan-dd\.m2\repository\com\github\docker-java\docker-java-core\3.4.0\docker-java-core-3.4.0.jar;C:\Users\alwan.wirawan-dd\.m2\repository\com\github\docker-java\docker-java-api\3.4.0\docker-java-api-3.4.0.jar;C:\Users\alwan.wirawan-dd\.m2\repository\com\fasterxml\jackson\core\jackson-annotations\2.10.3\jackson-annotations-2.10.3.jar;C:\Users\alwan.wirawan-dd\.m2\repository\com\fasterxml\jackson\core\jackson-databind\2.10.3\jackson-databind-2.10.3.jar;C:\Users\alwan.wirawan-dd\.m2\repository\com\fasterxml\jackson\core\jackson-core\2.10.3\jackson-core-2.10.3.jar;C:\Users\alwan.wirawan-dd\.m2\repository\org\slf4j\jcl-over-slf4j\1.7.30\jcl-over-slf4j-1.7.30.jar;C:\Users\alwan.wirawan-dd\.m2\repository\com\github\docker-java\docker-java-transport-httpclient5\3.4.0\docker-java-transport-httpclient5-3.4.0.jar;C:\Users\alwan.wirawan-dd\.m2\repository\com\github\docker-java\docker-java-transport\3.4.0\docker-java-transport-3.4.0.jar;C:\Users\alwan.wirawan-dd\.m2\repository\net\java\dev\jna\jna\5.13.0\jna-5.13.0.jar;C:\Users\alwan.wirawan-dd\.m2\repository\org\brotli\dec\0.1.2\dec-0.1.2.jar;C:\Users\alwan.wirawan-dd\.m2\repository\org\apache\commons\commons-lang3\3.15.0\commons-lang3-3.15.0.jar;C:\Users\alwan.wirawan-dd\.m2\repository\org\apache\commons\commons-compress\1.26.2\commons-compress-1.26.2.jar;C:\Users\alwan.wirawan-dd\.m2\repository\commons-io\commons-io\2.16.1\commons-io-2.16.1.jar;C:\Users\alwan.wirawan-dd\.m2\repository\org\apache\httpcomponents\client5\httpclient5\5.2.1\httpclient5-5.2.1.jar;C:\Users\alwan.wirawan-dd\.m2\repository\org\apache\httpcomponents\core5\httpcore5\5.2\httpcore5-5.2.jar;C:\Users\alwan.wirawan-dd\.m2\repository\org\apache\httpcomponents\core5\httpcore5-h2\5.2\httpcore5-h2-5.2.jar;"/>
    <property name="java.vm.vendor" value="Microsoft"/>
    <property name="sun.arch.data.model" value="64"/>
    <property name="user.variant" value=""/>
    <property name="java.vendor.url" value="https://www.microsoft.com"/>
    <property name="user.timezone" value="Asia/Jakarta"/>
    <property name="os.name" value="Windows 11"/>
    <property name="java.vm.specification.version" value="17"/>
    <property name="sun.java.launcher" value="SUN_STANDARD"/>
    <property name="user.country" value="ID"/>
    <property name="sun.boot.library.path" value="C:\Program Files\Microsoft\jdk-17.0.11.9-hotspot\bin"/>
    <property name="sun.java.command" value="C:\Users\alwan.wirawan-dd\AppData\Local\Temp\surefire5101648751618880858\surefirebooter-20241028155022406_3.jar C:\Users\alwan.wirawan-dd\AppData\Local\Temp\surefire5101648751618880858 2024-10-28T15-50-22_196-jvmRun1 surefire-20241028155022406_1tmp surefire_0-20241028155022406_2tmp"/>
    <property name="jdk.debug" value="release"/>
    <property name="surefire.test.class.path" value="D:\project\RestAssuredCucumberTest\target\test-classes;D:\project\RestAssuredCucumberTest\target\classes;C:\Users\alwan.wirawan-dd\.m2\repository\junit\junit\4.13.2\junit-4.13.2.jar;C:\Users\alwan.wirawan-dd\.m2\repository\org\hamcrest\hamcrest-core\1.3\hamcrest-core-1.3.jar;C:\Users\alwan.wirawan-dd\.m2\repository\io\rest-assured\rest-assured\5.5.0\rest-assured-5.5.0.jar;C:\Users\alwan.wirawan-dd\.m2\repository\org\apache\groovy\groovy\4.0.22\groovy-4.0.22.jar;C:\Users\alwan.wirawan-dd\.m2\repository\org\apache\groovy\groovy-xml\4.0.22\groovy-xml-4.0.22.jar;C:\Users\alwan.wirawan-dd\.m2\repository\org\apache\httpcomponents\httpclient\4.5.13\httpclient-4.5.13.jar;C:\Users\alwan.wirawan-dd\.m2\repository\org\apache\httpcomponents\httpcore\4.4.13\httpcore-4.4.13.jar;C:\Users\alwan.wirawan-dd\.m2\repository\commons-logging\commons-logging\1.2\commons-logging-1.2.jar;C:\Users\alwan.wirawan-dd\.m2\repository\commons-codec\commons-codec\1.11\commons-codec-1.11.jar;C:\Users\alwan.wirawan-dd\.m2\repository\org\apache\httpcomponents\httpmime\4.5.13\httpmime-4.5.13.jar;C:\Users\alwan.wirawan-dd\.m2\repository\org\hamcrest\hamcrest\2.2\hamcrest-2.2.jar;C:\Users\alwan.wirawan-dd\.m2\repository\org\ccil\cowan\tagsoup\tagsoup\1.2.1\tagsoup-1.2.1.jar;C:\Users\alwan.wirawan-dd\.m2\repository\io\rest-assured\json-path\5.5.0\json-path-5.5.0.jar;C:\Users\alwan.wirawan-dd\.m2\repository\org\apache\groovy\groovy-json\4.0.22\groovy-json-4.0.22.jar;C:\Users\alwan.wirawan-dd\.m2\repository\io\rest-assured\rest-assured-common\5.5.0\rest-assured-common-5.5.0.jar;C:\Users\alwan.wirawan-dd\.m2\repository\io\rest-assured\xml-path\5.5.0\xml-path-5.5.0.jar;C:\Users\alwan.wirawan-dd\.m2\repository\io\cucumber\cucumber-java\7.20.0\cucumber-java-7.20.0.jar;C:\Users\alwan.wirawan-dd\.m2\repository\io\cucumber\cucumber-core\7.20.0\cucumber-core-7.20.0.jar;C:\Users\alwan.wirawan-dd\.m2\repository\io\cucumber\cucumber-gherkin\7.20.0\cucumber-gherkin-7.20.0.jar;C:\Users\alwan.wirawan-dd\.m2\repository\io\cucumber\cucumber-gherkin-messages\7.20.0\cucumber-gherkin-messages-7.20.0.jar;C:\Users\alwan.wirawan-dd\.m2\repository\io\cucumber\gherkin\28.0.0\gherkin-28.0.0.jar;C:\Users\alwan.wirawan-dd\.m2\repository\io\cucumber\messages\24.1.0\messages-24.1.0.jar;C:\Users\alwan.wirawan-dd\.m2\repository\io\cucumber\testng-xml-formatter\0.2.0\testng-xml-formatter-0.2.0.jar;C:\Users\alwan.wirawan-dd\.m2\repository\io\cucumber\query\12.2.0\query-12.2.0.jar;C:\Users\alwan.wirawan-dd\.m2\repository\io\cucumber\tag-expressions\6.1.0\tag-expressions-6.1.0.jar;C:\Users\alwan.wirawan-dd\.m2\repository\io\cucumber\cucumber-expressions\17.1.0\cucumber-expressions-17.1.0.jar;C:\Users\alwan.wirawan-dd\.m2\repository\io\cucumber\datatable\7.20.0\datatable-7.20.0.jar;C:\Users\alwan.wirawan-dd\.m2\repository\io\cucumber\cucumber-plugin\7.20.0\cucumber-plugin-7.20.0.jar;C:\Users\alwan.wirawan-dd\.m2\repository\io\cucumber\docstring\7.20.0\docstring-7.20.0.jar;C:\Users\alwan.wirawan-dd\.m2\repository\io\cucumber\html-formatter\21.7.0\html-formatter-21.7.0.jar;C:\Users\alwan.wirawan-dd\.m2\repository\io\cucumber\junit-xml-formatter\0.5.0\junit-xml-formatter-0.5.0.jar;C:\Users\alwan.wirawan-dd\.m2\repository\io\cucumber\ci-environment\10.0.1\ci-environment-10.0.1.jar;C:\Users\alwan.wirawan-dd\.m2\repository\org\apiguardian\apiguardian-api\1.1.2\apiguardian-api-1.1.2.jar;C:\Users\alwan.wirawan-dd\.m2\repository\io\cucumber\cucumber-junit\7.20.0\cucumber-junit-7.20.0.jar;C:\Users\alwan.wirawan-dd\.m2\repository\org\seleniumhq\selenium\selenium-java\4.25.0\selenium-java-4.25.0.jar;C:\Users\alwan.wirawan-dd\.m2\repository\org\seleniumhq\selenium\selenium-api\4.25.0\selenium-api-4.25.0.jar;C:\Users\alwan.wirawan-dd\.m2\repository\org\jspecify\jspecify\1.0.0\jspecify-1.0.0.jar;C:\Users\alwan.wirawan-dd\.m2\repository\org\seleniumhq\selenium\selenium-chrome-driver\4.25.0\selenium-chrome-driver-4.25.0.jar;C:\Users\alwan.wirawan-dd\.m2\repository\com\google\auto\service\auto-service-annotations\1.1.1\auto-service-annotations-1.1.1.jar;C:\Users\alwan.wirawan-dd\.m2\repository\org\seleniumhq\selenium\selenium-chromium-driver\4.25.0\selenium-chromium-driver-4.25.0.jar;C:\Users\alwan.wirawan-dd\.m2\repository\org\seleniumhq\selenium\selenium-json\4.25.0\selenium-json-4.25.0.jar;C:\Users\alwan.wirawan-dd\.m2\repository\org\seleniumhq\selenium\selenium-manager\4.25.0\selenium-manager-4.25.0.jar;C:\Users\alwan.wirawan-dd\.m2\repository\org\seleniumhq\selenium\selenium-devtools-v127\4.25.0\selenium-devtools-v127-4.25.0.jar;C:\Users\alwan.wirawan-dd\.m2\repository\org\seleniumhq\selenium\selenium-devtools-v128\4.25.0\selenium-devtools-v128-4.25.0.jar;C:\Users\alwan.wirawan-dd\.m2\repository\org\seleniumhq\selenium\selenium-devtools-v129\4.25.0\selenium-devtools-v129-4.25.0.jar;C:\Users\alwan.wirawan-dd\.m2\repository\org\seleniumhq\selenium\selenium-devtools-v85\4.25.0\selenium-devtools-v85-4.25.0.jar;C:\Users\alwan.wirawan-dd\.m2\repository\org\seleniumhq\selenium\selenium-edge-driver\4.25.0\selenium-edge-driver-4.25.0.jar;C:\Users\alwan.wirawan-dd\.m2\repository\org\seleniumhq\selenium\selenium-firefox-driver\4.25.0\selenium-firefox-driver-4.25.0.jar;C:\Users\alwan.wirawan-dd\.m2\repository\org\seleniumhq\selenium\selenium-http\4.25.0\selenium-http-4.25.0.jar;C:\Users\alwan.wirawan-dd\.m2\repository\dev\failsafe\failsafe\3.3.2\failsafe-3.3.2.jar;C:\Users\alwan.wirawan-dd\.m2\repository\org\seleniumhq\selenium\selenium-ie-driver\4.25.0\selenium-ie-driver-4.25.0.jar;C:\Users\alwan.wirawan-dd\.m2\repository\org\seleniumhq\selenium\selenium-remote-driver\4.25.0\selenium-remote-driver-4.25.0.jar;C:\Users\alwan.wirawan-dd\.m2\repository\com\google\guava\guava\33.3.0-jre\guava-33.3.0-jre.jar;C:\Users\alwan.wirawan-dd\.m2\repository\com\google\guava\failureaccess\1.0.2\failureaccess-1.0.2.jar;C:\Users\alwan.wirawan-dd\.m2\repository\com\google\guava\listenablefuture\9999.0-empty-to-avoid-conflict-with-guava\listenablefuture-9999.0-empty-to-avoid-conflict-with-guava.jar;C:\Users\alwan.wirawan-dd\.m2\repository\com\google\code\findbugs\jsr305\3.0.2\jsr305-3.0.2.jar;C:\Users\alwan.wirawan-dd\.m2\repository\org\checkerframework\checker-qual\3.43.0\checker-qual-3.43.0.jar;C:\Users\alwan.wirawan-dd\.m2\repository\com\google\j2objc\j2objc-annotations\3.0.0\j2objc-annotations-3.0.0.jar;C:\Users\alwan.wirawan-dd\.m2\repository\io\opentelemetry\semconv\opentelemetry-semconv\1.25.0-alpha\opentelemetry-semconv-1.25.0-alpha.jar;C:\Users\alwan.wirawan-dd\.m2\repository\io\opentelemetry\opentelemetry-api\1.42.1\opentelemetry-api-1.42.1.jar;C:\Users\alwan.wirawan-dd\.m2\repository\io\opentelemetry\opentelemetry-context\1.42.1\opentelemetry-context-1.42.1.jar;C:\Users\alwan.wirawan-dd\.m2\repository\io\opentelemetry\opentelemetry-exporter-logging\1.42.1\opentelemetry-exporter-logging-1.42.1.jar;C:\Users\alwan.wirawan-dd\.m2\repository\io\opentelemetry\opentelemetry-sdk-common\1.42.1\opentelemetry-sdk-common-1.42.1.jar;C:\Users\alwan.wirawan-dd\.m2\repository\io\opentelemetry\opentelemetry-sdk-extension-autoconfigure-spi\1.42.1\opentelemetry-sdk-extension-autoconfigure-spi-1.42.1.jar;C:\Users\alwan.wirawan-dd\.m2\repository\io\opentelemetry\opentelemetry-sdk-extension-autoconfigure\1.42.1\opentelemetry-sdk-extension-autoconfigure-1.42.1.jar;C:\Users\alwan.wirawan-dd\.m2\repository\io\opentelemetry\opentelemetry-api-incubator\1.42.1-alpha\opentelemetry-api-incubator-1.42.1-alpha.jar;C:\Users\alwan.wirawan-dd\.m2\repository\io\opentelemetry\opentelemetry-sdk-trace\1.42.1\opentelemetry-sdk-trace-1.42.1.jar;C:\Users\alwan.wirawan-dd\.m2\repository\io\opentelemetry\opentelemetry-sdk\1.42.1\opentelemetry-sdk-1.42.1.jar;C:\Users\alwan.wirawan-dd\.m2\repository\io\opentelemetry\opentelemetry-sdk-metrics\1.42.1\opentelemetry-sdk-metrics-1.42.1.jar;C:\Users\alwan.wirawan-dd\.m2\repository\io\opentelemetry\opentelemetry-sdk-logs\1.42.1\opentelemetry-sdk-logs-1.42.1.jar;C:\Users\alwan.wirawan-dd\.m2\repository\net\bytebuddy\byte-buddy\1.15.1\byte-buddy-1.15.1.jar;C:\Users\alwan.wirawan-dd\.m2\repository\org\seleniumhq\selenium\selenium-os\4.25.0\selenium-os-4.25.0.jar;C:\Users\alwan.wirawan-dd\.m2\repository\org\apache\commons\commons-exec\1.4.0\commons-exec-1.4.0.jar;C:\Users\alwan.wirawan-dd\.m2\repository\org\seleniumhq\selenium\selenium-safari-driver\4.25.0\selenium-safari-driver-4.25.0.jar;C:\Users\alwan.wirawan-dd\.m2\repository\org\seleniumhq\selenium\selenium-support\4.25.0\selenium-support-4.25.0.jar;C:\Users\alwan.wirawan-dd\.m2\repository\org\testng\testng\7.10.2\testng-7.10.2.jar;C:\Users\alwan.wirawan-dd\.m2\repository\org\slf4j\slf4j-api\1.7.36\slf4j-api-1.7.36.jar;C:\Users\alwan.wirawan-dd\.m2\repository\com\beust\jcommander\1.82\jcommander-1.82.jar;C:\Users\alwan.wirawan-dd\.m2\repository\org\webjars\jquery\3.7.1\jquery-3.7.1.jar;C:\Users\alwan.wirawan-dd\.m2\repository\io\cucumber\cucumber-testng\7.20.0\cucumber-testng-7.20.0.jar;C:\Users\alwan.wirawan-dd\.m2\repository\io\github\bonigarcia\webdrivermanager\5.9.2\webdrivermanager-5.9.2.jar;C:\Users\alwan.wirawan-dd\.m2\repository\com\google\code\gson\gson\2.11.0\gson-2.11.0.jar;C:\Users\alwan.wirawan-dd\.m2\repository\com\google\errorprone\error_prone_annotations\2.27.0\error_prone_annotations-2.27.0.jar;C:\Users\alwan.wirawan-dd\.m2\repository\com\github\docker-java\docker-java\3.4.0\docker-java-3.4.0.jar;C:\Users\alwan.wirawan-dd\.m2\repository\com\github\docker-java\docker-java-core\3.4.0\docker-java-core-3.4.0.jar;C:\Users\alwan.wirawan-dd\.m2\repository\com\github\docker-java\docker-java-api\3.4.0\docker-java-api-3.4.0.jar;C:\Users\alwan.wirawan-dd\.m2\repository\com\fasterxml\jackson\core\jackson-annotations\2.10.3\jackson-annotations-2.10.3.jar;C:\Users\alwan.wirawan-dd\.m2\repository\com\fasterxml\jackson\core\jackson-databind\2.10.3\jackson-databind-2.10.3.jar;C:\Users\alwan.wirawan-dd\.m2\repository\com\fasterxml\jackson\core\jackson-core\2.10.3\jackson-core-2.10.3.jar;C:\Users\alwan.wirawan-dd\.m2\repository\org\slf4j\jcl-over-slf4j\1.7.30\jcl-over-slf4j-1.7.30.jar;C:\Users\alwan.wirawan-dd\.m2\repository\com\github\docker-java\docker-java-transport-httpclient5\3.4.0\docker-java-transport-httpclient5-3.4.0.jar;C:\Users\alwan.wirawan-dd\.m2\repository\com\github\docker-java\docker-java-transport\3.4.0\docker-java-transport-3.4.0.jar;C:\Users\alwan.wirawan-dd\.m2\repository\net\java\dev\jna\jna\5.13.0\jna-5.13.0.jar;C:\Users\alwan.wirawan-dd\.m2\repository\org\brotli\dec\0.1.2\dec-0.1.2.jar;C:\Users\alwan.wirawan-dd\.m2\repository\org\apache\commons\commons-lang3\3.15.0\commons-lang3-3.15.0.jar;C:\Users\alwan.wirawan-dd\.m2\repository\org\apache\commons\commons-compress\1.26.2\commons-compress-1.26.2.jar;C:\Users\alwan.wirawan-dd\.m2\repository\commons-io\commons-io\2.16.1\commons-io-2.16.1.jar;C:\Users\alwan.wirawan-dd\.m2\repository\org\apache\httpcomponents\client5\httpclient5\5.2.1\httpclient5-5.2.1.jar;C:\Users\alwan.wirawan-dd\.m2\repository\org\apache\httpcomponents\core5\httpcore5\5.2\httpcore5-5.2.jar;C:\Users\alwan.wirawan-dd\.m2\repository\org\apache\httpcomponents\core5\httpcore5-h2\5.2\httpcore5-h2-5.2.jar;"/>
    <property name="sun.cpu.endian" value="little"/>
    <property name="user.home" value="C:\Users\alwan.wirawan-dd"/>
    <property name="user.language" value="en"/>
    <property name="java.specification.vendor" value="Oracle Corporation"/>
    <property name="java.version.date" value="2024-04-16"/>
    <property name="java.home" value="C:\Program Files\Microsoft\jdk-17.0.11.9-hotspot"/>
    <property name="file.separator" value="\"/>
    <property name="basedir" value="D:\project\RestAssuredCucumberTest"/>
    <property name="java.vm.compressedOopsMode" value="Zero based"/>
    <property name="line.separator" value="&#10;"/>
    <property name="java.vm.specification.vendor" value="Oracle Corporation"/>
    <property name="java.specification.name" value="Java Platform API Specification"/>
    <property name="surefire.real.class.path" value="C:\Users\alwan.wirawan-dd\AppData\Local\Temp\surefire5101648751618880858\surefirebooter-20241028155022406_3.jar"/>
    <property name="user.script" value=""/>
    <property name="sun.management.compiler" value="HotSpot 64-Bit Tiered Compilers"/>
    <property name="java.runtime.version" value="17.0.11+9-LTS"/>
    <property name="user.name" value="alwan.wirawan-dd"/>
    <property name="path.separator" value=";"/>
    <property name="os.version" value="10.0"/>
    <property name="java.runtime.name" value="OpenJDK Runtime Environment"/>
    <property name="file.encoding" value="Cp1252"/>
    <property name="java.vm.name" value="OpenJDK 64-Bit Server VM"/>
    <property name="java.vendor.version" value="Microsoft-9388408"/>
    <property name="localRepository" value="C:\Users\alwan.wirawan-dd\.m2\repository"/>
    <property name="java.vendor.url.bug" value="https://github.com/microsoft/openjdk/issues"/>
    <property name="java.io.tmpdir" value="C:\Users\ALWAN~2.WIR\AppData\Local\Temp\"/>
    <property name="java.version" value="17.0.11"/>
    <property name="user.dir" value="D:\project\RestAssuredCucumberTest"/>
    <property name="os.arch" value="amd64"/>
    <property name="java.vm.specification.name" value="Java Virtual Machine Specification"/>
    <property name="sun.os.patch.level" value=""/>
    <property name="native.encoding" value="Cp1252"/>
    <property name="java.library.path" value="C:\Program Files\Microsoft\jdk-17.0.11.9-hotspot\bin;C:\Windows\Sun\Java\bin;C:\Windows\system32;C:\Windows;C:\Program Files\Common Files\Oracle\Java\javapath;C:\Program Files\Microsoft\jdk-17.0.11.9-hotspot\bin;C:\Windows\system32;C:\Windows;C:\Windows\System32\Wbem;C:\Windows\System32\WindowsPowerShell\v1.0\;C:\Windows\System32\OpenSSH\;C:\Program Files\dotnet\;C:\Program Files (x86)\SafeCom\SafeComPrintClient;C:\Program Files\Git\cmd;C:\Program Files\whkd\bin\;C:\ProgramData\chocolatey\bin;C:\Program Files (x86)\Windows Kits\10\Windows Performance Toolkit\;C:\Program Files (x86)\Pulse Secure\VC142.CRT\X64\;C:\Program Files (x86)\Pulse Secure\VC142.CRT\X86\;C:\Program Files (x86)\Common Files\Pulse Secure\TNC Client Plugin\;C:\Users\alwan.wirawan_dda\AppData\Roaming\nvm;C:\Program Files\nodejs;D:\Others\android;c:\Users\alwan.wirawan-dd\AppData\Local\Programs\cursor\resources\app\bin;C:\Program Files\Calibre2\;D:\Downloads\apache-maven-3.9.9\bin;;C:\Program Files\Docker\Docker\resources\bin;C:\Program Files\Cloudflare\Cloudflare WARP\;C:\Users\alwan.wirawan-dd\AppData\Local\Programs\Python\Python312\Scripts\;C:\Users\alwan.wirawan-dd\AppData\Local\Programs\Python\Python312\;C:\Users\alwan.wirawan-dd\AppData\Local\Microsoft\WindowsApps;C:\Users\alwan.wirawan_dda\AppData\Roaming\nvm;C:\Program Files\nodejs;C:\Users\alwan.wirawan-dd\AppData\Local\Programs\Microsoft VS Code\bin;C:\Users\alwan.wirawan-dd\AppData\Local\Programs\oh-my-posh\bin;C:\Users\alwan.wirawan-dd\.deno\bin;C:\Users\alwan.wirawan-dd\.bun\bin;C:\Program Files\mongosh\;C:\Users\alwan.wirawan-dd\AppData\Roaming\JumpServer\Client\;C:\Program Files\JetBrains\IntelliJ IDEA 2024.2.4\bin;;."/>
    <property name="java.vm.info" value="mixed mode, sharing"/>
    <property name="java.vendor" value="Microsoft"/>
    <property name="java.vm.version" value="17.0.11+9-LTS"/>
    <property name="sun.io.unicode.encoding" value="UnicodeLittle"/>
    <property name="java.class.version" value="61.0"/>
  </properties>
  <testcase name="runScenario[&quot;Successfully generate an auth token with valid credentials&quot;, &quot;Auth - Create Token&quot;](4)" classname="runner.RunApiTest" time="3.756">
    <system-out><![CDATA[
Scenario: Validate missing username in the auth request &amp#27;[90m# src/test/resources/features/api/AuthCreateToken.feature:21&amp#27;[0m

Scenario: Validate missing password in the auth request &amp#27;[90m# src/test/resources/features/api/AuthCreateToken.feature:15&amp#27;[0m

Scenario: Successfully generate an auth token with valid credentials &amp#27;[90m# src/test/resources/features/api/AuthCreateToken.feature:3&amp#27;[0m

Scenario: Fail to generate an auth token with invalid credentials &amp#27;[90m# src/test/resources/features/api/AuthCreateToken.feature:9&amp#27;[0m
  &amp#27;[32mGiven &amp#27;[0m&amp#27;[32mI have invalid user credentials&amp#27;[0m                           &amp#27;[90m# steps.api.RestfulBookerSteps.i_have_invalid_user_credentials()&amp#27;[0m
  &amp#27;[32mGiven &amp#27;[0m&amp#27;[32mI have valid user credentials&amp#27;[0m                                &amp#27;[90m# steps.api.RestfulBookerSteps.i_have_valid_user_credentials()&amp#27;[0m
  &amp#27;[32mGiven &amp#27;[0m&amp#27;[32mI have valid password but missing username&amp#27;[0m      &amp#27;[90m# steps.api.RestfulBookerSteps.i_have_valid_password_but_missing_username()&amp#27;[0m
  &amp#27;[32mGiven &amp#27;[0m&amp#27;[32mI have valid username but missing password&amp#27;[0m      &amp#27;[90m# steps.api.RestfulBookerSteps.i_have_valid_username_but_missing_password()&amp#27;[0m
  &amp#27;[32mWhen &amp#27;[0m&amp#27;[32mI send a POST request to the &amp#27;[0m&amp#27;[32m&amp#27;[1m"/auth"&amp#27;[0m&amp#27;[32m endpoint&amp#27;[0m    &amp#27;[90m# steps.api.RestfulBookerSteps.i_send_post_request_to_endpoint(java.lang.String)&amp#27;[0m
  &amp#27;[32mWhen &amp#27;[0m&amp#27;[32mI send a POST request to the &amp#27;[0m&amp#27;[32m&amp#27;[1m"/auth"&amp#27;[0m&amp#27;[32m endpoint&amp#27;[0m              &amp#27;[90m# steps.api.RestfulBookerSteps.i_send_post_request_to_endpoint(java.lang.String)&amp#27;[0m
  &amp#27;[32mWhen &amp#27;[0m&amp#27;[32mI send a POST request to the &amp#27;[0m&amp#27;[32m&amp#27;[1m"/auth"&amp#27;[0m&amp#27;[32m endpoint&amp#27;[0m    &amp#27;[90m# steps.api.RestfulBookerSteps.i_send_post_request_to_endpoint(java.lang.String)&amp#27;[0m
  &amp#27;[32mWhen &amp#27;[0m&amp#27;[32mI send a POST request to the &amp#27;[0m&amp#27;[32m&amp#27;[1m"/auth"&amp#27;[0m&amp#27;[32m endpoint&amp#27;[0m                 &amp#27;[90m# steps.api.RestfulBookerSteps.i_send_post_request_to_endpoint(java.lang.String)&amp#27;[0m
  &amp#27;[32mThen &amp#27;[0m&amp#27;[32mI should not receive a token in the response&amp#27;[0m               &amp#27;[90m# steps.api.RestfulBookerSteps.i_should_not_receive_token_in_response()&amp#27;[0m
  &amp#27;[32mThen &amp#27;[0m&amp#27;[32mI should not receive a token in the response&amp#27;[0m     &amp#27;[90m# steps.api.RestfulBookerSteps.i_should_not_receive_token_in_response()&amp#27;[0m
  &amp#27;[32mThen &amp#27;[0m&amp#27;[32mI should receive a token in the response&amp#27;[0m                      &amp#27;[90m# steps.api.RestfulBookerSteps.i_should_receive_token_in_response()&amp#27;[0m
  &amp#27;[32mThen &amp#27;[0m&amp#27;[32mI should not receive a token in the response&amp#27;[0m     &amp#27;[90m# steps.api.RestfulBookerSteps.i_should_not_receive_token_in_response()&amp#27;[0m
  &amp#27;[32mAnd &amp#27;[0m&amp#27;[32mthe response status code should be &amp#27;[0m&amp#27;[32m&amp#27;[1m200&amp#27;[0m            &amp#27;[90m# steps.api.RestfulBookerSteps.the_response_status_code_should_be(int)&amp#27;[0m
  &amp#27;[32mAnd &amp#27;[0m&amp#27;[32mthe response status code should be &amp#27;[0m&amp#27;[32m&amp#27;[1m200&amp#27;[0m                         &amp#27;[90m# steps.api.RestfulBookerSteps.the_response_status_code_should_be(int)&amp#27;[0m
  &amp#27;[32mAnd &amp#27;[0m&amp#27;[32mthe response status code should be &amp#27;[0m&amp#27;[32m&amp#27;[1m200&amp#27;[0m            &amp#27;[90m# steps.api.RestfulBookerSteps.the_response_status_code_should_be(int)&amp#27;[0m
  &amp#27;[32mAnd &amp#27;[0m&amp#27;[32mthe response status code should be &amp#27;[0m&amp#27;[32m&amp#27;[1m200&amp#27;[0m                      &amp#27;[90m# steps.api.RestfulBookerSteps.the_response_status_code_should_be(int)&amp#27;[0m
]]></system-out>
    <system-err><![CDATA[SLF4J: Failed to load class "org.slf4j.impl.StaticLoggerBinder".
SLF4J: Defaulting to no-operation (NOP) logger implementation
SLF4J: See http://www.slf4j.org/codes.html#StaticLoggerBinder for further details.
]]></system-err>
  </testcase>
  <testcase name="runScenario[&quot;Validate missing password in the auth request&quot;, &quot;Auth - Create Token&quot;](4)" classname="runner.RunApiTest" time="3.758"/>
  <testcase name="runScenario[&quot;Validate missing username in the auth request&quot;, &quot;Auth - Create Token&quot;](4)" classname="runner.RunApiTest" time="3.758"/>
  <testcase name="runScenario[&quot;Fail to generate an auth token with invalid credentials&quot;, &quot;Auth - Create Token&quot;](4)" classname="runner.RunApiTest" time="3.758"/>
  <testcase name="runScenario[&quot;Successful Login&quot;, &quot;SauceDemo Login and Cart Functionality&quot;](1)" classname="runner.RunWebTest" time="7.152">
    <system-out><![CDATA[
Scenario: Successful Login                   &amp#27;[90m# src/test/resources/features/web/Login.feature:3&amp#27;[0m

Scenario: Add Product to Cart            &amp#27;[90m# src/test/resources/features/web/Login.feature:9&amp#27;[0m

Scenario: Logout from SauceDemo      &amp#27;[90m# src/test/resources/features/web/Login.feature:14&amp#27;[0m
  &amp#27;[32mGiven &amp#27;[0m&amp#27;[32mI am on the SauceDemo login page&amp#27;[0m     &amp#27;[90m# steps.web.SauceDemoSteps.i_am_on_the_sauce_demo_login_page()&amp#27;[0m
  &amp#27;[32mWhen &amp#27;[0m&amp#27;[32mI enter a valid username and password&amp#27;[0m &amp#27;[90m# steps.web.SauceDemoSteps.i_enter_a_valid_username_and_password()&amp#27;[0m
  &amp#27;[32mAnd &amp#27;[0m&amp#27;[32mI click the login button&amp#27;[0m               &amp#27;[90m# steps.web.SauceDemoSteps.i_click_the_login_button()&amp#27;[0m
  &amp#27;[32mThen &amp#27;[0m&amp#27;[32mI should see the products page&amp#27;[0m        &amp#27;[90m# steps.web.SauceDemoSteps.i_should_see_the_products_page()&amp#27;[0m
]]></system-out>
    <system-err><![CDATA[Oct 28, 2024 3:50:31 PM org.openqa.selenium.devtools.CdpVersionFinder findNearestMatch
WARNING: Unable to find an exact match for CDP version 130, returning the closest version; found: 129; Please update to a Selenium version that supports CDP version 130
Oct 28, 2024 3:50:31 PM org.openqa.selenium.devtools.CdpVersionFinder findNearestMatch
WARNING: Unable to find an exact match for CDP version 130, returning the closest version; found: 129; Please update to a Selenium version that supports CDP version 130
Oct 28, 2024 3:50:31 PM org.openqa.selenium.devtools.CdpVersionFinder findNearestMatch
WARNING: Unable to find an exact match for CDP version 130, returning the closest version; found: 129; Please update to a Selenium version that supports CDP version 130
]]></system-err>
  </testcase>
  <testcase name="runScenario[&quot;Add Product to Cart&quot;, &quot;SauceDemo Login and Cart Functionality&quot;](2)" classname="runner.RunWebTest" time="7.602">
    <system-out><![CDATA[  &amp#27;[32mGiven &amp#27;[0m&amp#27;[32mI am logged into SauceDemo&amp#27;[0m       &amp#27;[90m# steps.web.SauceDemoSteps.i_am_logged_into_sauce_demo()&amp#27;[0m
  &amp#27;[32mWhen &amp#27;[0m&amp#27;[32mI add a product to the cart&amp#27;[0m       &amp#27;[90m# steps.web.SauceDemoSteps.i_add_a_product_to_the_cart()&amp#27;[0m
  &amp#27;[32mGiven &amp#27;[0m&amp#27;[32mI am logged into SauceDemo&amp#27;[0m   &amp#27;[90m# steps.web.SauceDemoSteps.i_am_logged_into_sauce_demo()&amp#27;[0m
  &amp#27;[32mThen &amp#27;[0m&amp#27;[32mthe product should be in the cart&amp#27;[0m &amp#27;[90m# steps.web.SauceDemoSteps.the_product_should_be_in_the_cart()&amp#27;[0m
]]></system-out>
  </testcase>
  <testcase name="runScenario[&quot;Logout from SauceDemo&quot;, &quot;SauceDemo Login and Cart Functionality&quot;](3)" classname="runner.RunWebTest" time="8.422">
    <system-out><![CDATA[  &amp#27;[32mWhen &amp#27;[0m&amp#27;[32mI logout from the application&amp#27;[0m &amp#27;[90m# steps.web.SauceDemoSteps.i_logout_from_the_application()&amp#27;[0m
  &amp#27;[32mThen &amp#27;[0m&amp#27;[32mI should see the login page&amp#27;[0m   &amp#27;[90m# steps.web.SauceDemoSteps.i_should_see_the_login_page()&amp#27;[0m
]]></system-out>
  </testcase>
</testsuite>