<?xml version="1.0" encoding="UTF-8"?>
<!-- Generated by org.testng.reporters.JUnitReportReporter -->
<testsuite hostname="DD-091357" failures="0" tests="3" name="runner.RunWebTest" time="23.178" errors="0" timestamp="2024-10-28T15:50:36 WIB" skipped="0">
  <testcase classname="runner.RunWebTest" name="runScenario" time="7.153"/>
  <testcase classname="runner.RunWebTest" name="runScenario" time="7.603"/>
  <testcase classname="runner.RunWebTest" name="runScenario" time="8.422"/>
</testsuite> <!-- runner.RunWebTest -->
