<?xml version="1.0" encoding="UTF-8"?>
<!-- Generated by org.testng.reporters.JUnitReportReporter -->
<testsuite hostname="DD-091357" failures="0" tests="4" name="runner.RunApiTest" time="15.023" errors="0" timestamp="2024-10-28T15:50:36 WIB" skipped="0">
  <testcase classname="runner.RunApiTest" name="runScenario" time="3.756"/>
  <testcase classname="runner.RunApiTest" name="runScenario" time="3.756"/>
  <testcase classname="runner.RunApiTest" name="runScenario" time="3.755"/>
  <testcase classname="runner.RunApiTest" name="runScenario" time="3.756"/>
</testsuite> <!-- runner.RunApiTest -->
